<?xml version="1.0" encoding="UTF-8"?>
<!-- Generated by org.testng.reporters.JUnitXMLReporter -->
<testsuite ignored="2" hostname="DESKTOP-DD1RFPU" failures="0" tests="2" name="GRP-cde" time="0.155" errors="0" timestamp="2024-02-15T10:00:52 EAT">
  <testcase classname="ui.TestingGroups" name="testThree" time="0.032"/>
  <testcase classname="ui.TestingGroups" name="testFour" time="0.003"/>
  <testcase classname="ui.TestingGroups" name="testTwo" time="0.0">
    <ignored/>
  </testcase> <!-- testTwo -->
  <testcase classname="ui.TestingGroups" name="testone" time="0.0">
    <ignored/>
  </testcase> <!-- testone -->
</testsuite> <!-- GRP-cde -->
