<?xml version="1.0" encoding="UTF-8"?>
<!-- Generated by org.testng.reporters.JUnitXMLReporter -->
<testsuite ignored="0" hostname="DESKTOP-DD1RFPU" failures="0" tests="4" name="GRP-User-Registration" time="0.144" errors="0" timestamp="2024-02-15T10:01:26 EAT">
  <testcase classname="ui.TestingGroups" name="testone" time="0.028"/>
  <testcase classname="ui.TestingGroups" name="testTwo" time="0.005"/>
  <testcase classname="ui.TestingGroups" name="testThree" time="0.005"/>
  <testcase classname="ui.TestingGroups" name="testFour" time="0.003"/>
</testsuite> <!-- GRP-User-Registration -->
