<?xml version="1.0" encoding="UTF-8"?>
<!-- Generated by org.testng.reporters.JUnitXMLReporter -->
<testsuite ignored="0" hostname="DESKTOP-DD1RFPU" failures="0" tests="7" name="Functional Test" time="29.651" errors="0" timestamp="2024-02-15T10:15:56 EAT">
  <testcase classname="ui.VerifyTest" name="verifyTitle" time="19.907"/>
  <testcase classname="ui.LoginTest" name="loginTest" time="0.002"/>
  <testcase classname="ui.SoftAssertTest" name="verifyTitle" time="9.529"/>
  <testcase classname="ui.TestingGroups" name="testone" time="0.003"/>
  <testcase classname="ui.TestingGroups" name="testTwo" time="0.003"/>
  <testcase classname="ui.TestingGroups" name="testThree" time="0.002"/>
  <testcase classname="ui.TestingGroups" name="testFour" time="0.003"/>
</testsuite> <!-- Functional Test -->
