<?xml version="1.0" encoding="UTF-8"?>
<!-- Generated by org.testng.reporters.JUnitXMLReporter -->
<testsuite ignored="3" hostname="DESKTOP-DD1RFPU" failures="0" tests="2" name="Regression-Test" time="0.101" errors="0" timestamp="2024-02-15T10:37:25 EAT">
  <testcase classname="ui.TestingGroups" name="testThree" time="0.018"/>
  <testcase classname="ui.TestingGroups" name="testFour" time="0.004"/>
  <testcase classname="ui.TestingGroups" name="testone" time="0.0">
    <ignored/>
  </testcase> <!-- testone -->
  <testcase classname="ui.LoginTest" name="loginTest" time="0.0">
    <ignored/>
  </testcase> <!-- loginTest -->
  <testcase classname="ui.TestingGroups" name="testTwo" time="0.0">
    <ignored/>
  </testcase> <!-- testTwo -->
</testsuite> <!-- Regression-Test -->
