<?xml version="1.0" encoding="UTF-8"?>
<!-- Generated by org.testng.reporters.JUnitXMLReporter -->
<testsuite ignored="0" hostname="DESKTOP-DD1RFPU" failures="0" tests="4" name="Default test" time="0.325" errors="0" timestamp="2024-02-15T21:40:52 EAT">
  <testcase classname="ui.TestingGroups" name="testone" time="0.027"/>
  <testcase classname="ui.TestingGroups" name="testTwo" time="0.004"/>
  <testcase classname="ui.TestingGroups" name="testThree" time="0.018"/>
  <testcase classname="ui.TestingGroups" name="testFour" time="0.009"/>
</testsuite> <!-- Default test -->
