<?xml version="1.0" encoding="UTF-8"?>
<!-- Generated by org.testng.reporters.JUnitXMLReporter -->
<testsuite ignored="3" hostname="DESKTOP-DD1RFPU" failures="0" tests="1" name="Default test" time="0.117" errors="0" timestamp="2024-02-15T09:56:56 EAT">
  <testcase classname="ui.TestingGroups" name="testFour" time="0.023"/>
  <testcase classname="ui.TestingGroups" name="testThree" time="0.0">
    <ignored/>
  </testcase> <!-- testThree -->
  <testcase classname="ui.TestingGroups" name="testTwo" time="0.0">
    <ignored/>
  </testcase> <!-- testTwo -->
  <testcase classname="ui.TestingGroups" name="testone" time="0.0">
    <ignored/>
  </testcase> <!-- testone -->
</testsuite> <!-- Default test -->
