<?xml version="1.0" encoding="UTF-8"?>
<!-- Generated by org.testng.reporters.JUnitXMLReporter -->
<testsuite ignored="0" hostname="DESKTOP-DD1RFPU" failures="0" tests="7" name="Test" time="32.844" errors="0" timestamp="2024-02-15T10:27:04 EAT">
  <testcase classname="ui.VerifyTest" name="verifyTitle" time="16.415"/>
  <testcase classname="ui.LoginTest" name="loginTest" time="0.005"/>
  <testcase classname="ui.SoftAssertTest" name="verifyTitle" time="16.257"/>
  <testcase classname="ui.TestingGroups" name="testone" time="0.002"/>
  <testcase classname="ui.TestingGroups" name="testTwo" time="0.002"/>
  <testcase classname="ui.TestingGroups" name="testThree" time="0.002"/>
  <testcase classname="ui.TestingGroups" name="testFour" time="0.006"/>
</testsuite> <!-- Test -->
