<?xml version="1.0" encoding="UTF-8"?>
<!-- Generated by org.testng.reporters.JUnitXMLReporter -->
<testsuite ignored="0" hostname="DESKTOP-DD1RFPU" failures="1" tests="1" name="Listner  testing" time="5.667" errors="0" timestamp="2024-02-15T18:08:21 EAT">
  <testcase classname="common.ListnerDemoTest" name="launchApp" time="5.221">
    <failure type="java.lang.NullPointerException" message="Cannot invoke &amp;quot;String.length()&amp;quot; because &amp;quot;s&amp;quot; is null">
      <![CDATA[java.lang.NullPointerException: Cannot invoke "String.length()" because "s" is null
at java.base/java.util.Formatter.parse(Formatter.java:2809)
at java.base/java.util.Formatter.format(Formatter.java:2763)
at java.base/java.util.Formatter.format(Formatter.java:2717)
at java.base/java.lang.String.format(String.java:4155)
at dev.failsafe.internal.util.Assert.isTrue(Assert.java:29)
at common.ListnerDemoTest.launchApp(ListnerDemoTest.java:12)
at java.base/java.util.ArrayList.forEach(ArrayList.java:1511)
... Removed 25 stack frames]]>
    </failure>
  </testcase> <!-- launchApp -->
</testsuite> <!-- Listner  testing -->
