<?xml version="1.0" encoding="UTF-8"?>
<testng-results ignored="0" total="2" passed="2" failed="0" skipped="0">
  <reporter-output>
  </reporter-output>
  <suite started-at="2024-02-15T10:37:25 EAT" name="Regression Testing" finished-at="2024-02-15T10:37:25 EAT" duration-ms="101">
    <groups>
      <group name="User-Registration">
        <method signature="TestingGroups.testThree()[pri:3, instance:ui.TestingGroups@6497b078]" name="testThree" class="ui.TestingGroups"/>
        <method signature="TestingGroups.testFour()[pri:4, instance:ui.TestingGroups@6497b078]" name="testFour" class="ui.TestingGroups"/>
      </group> <!-- User-Registration -->
      <group name="abc">
        <method signature="TestingGroups.testThree()[pri:3, instance:ui.TestingGroups@6497b078]" name="testThree" class="ui.TestingGroups"/>
        <method signature="TestingGroups.testFour()[pri:4, instance:ui.TestingGroups@6497b078]" name="testFour" class="ui.TestingGroups"/>
      </group> <!-- abc -->
      <group name="cde">
        <method signature="TestingGroups.testThree()[pri:3, instance:ui.TestingGroups@6497b078]" name="testThree" class="ui.TestingGroups"/>
        <method signature="TestingGroups.testFour()[pri:4, instance:ui.TestingGroups@6497b078]" name="testFour" class="ui.TestingGroups"/>
      </group> <!-- cde -->
    </groups>
    <test started-at="2024-02-15T10:37:25 EAT" name="Regression-Test" finished-at="2024-02-15T10:37:25 EAT" duration-ms="101">
      <class name="ui.TestingGroups">
        <test-method signature="testThree()[pri:3, instance:ui.TestingGroups@6497b078]" started-at="2024-02-15T10:37:25 EAT" name="testThree" finished-at="2024-02-15T10:37:25 EAT" duration-ms="18" status="PASS">
          <reporter-output>
          </reporter-output>
        </test-method> <!-- testThree -->
        <test-method signature="testFour()[pri:4, instance:ui.TestingGroups@6497b078]" started-at="2024-02-15T10:37:25 EAT" name="testFour" finished-at="2024-02-15T10:37:25 EAT" duration-ms="4" status="PASS">
          <reporter-output>
          </reporter-output>
        </test-method> <!-- testFour -->
      </class> <!-- ui.TestingGroups -->
    </test> <!-- Regression-Test -->
  </suite> <!-- Regression Testing -->
</testng-results>
