<?xml version="1.0" encoding="UTF-8"?>
<testng-results ignored="0" total="1" passed="1" failed="0" skipped="0">
  <reporter-output>
  </reporter-output>
  <suite started-at="2024-02-15T15:26:46 EAT" name="Reading Browser details from Test.xml file" finished-at="2024-02-15T15:26:57 EAT" duration-ms="11548">
    <groups>
    </groups>
    <test started-at="2024-02-15T15:26:46 EAT" name="Reading Browser details from xlm file" finished-at="2024-02-15T15:26:57 EAT" duration-ms="11548">
      <class name="ui.Login">
        <test-method signature="launchBrowser(java.lang.String)[pri:0, instance:ui.Login@672872e1]" started-at="2024-02-15T15:26:46 EAT" name="launchBrowser" finished-at="2024-02-15T15:26:57 EAT" duration-ms="11449" status="PASS">
          <params>
            <param index="0">
              <value>
                <![CDATA[Chrome]]>
              </value>
            </param>
          </params>
          <reporter-output>
          </reporter-output>
        </test-method> <!-- launchBrowser -->
      </class> <!-- ui.Login -->
    </test> <!-- Reading Browser details from xlm file -->
  </suite> <!-- Reading Browser details from Test.xml file -->
</testng-results>
